{
  "RSpec": {
    "coverage": {
      "/root/work/SOA_project/init.rb": {
        "lines": [
          null,
          null,
          1,
          2,
          null
        ]
      },
      "/root/work/SOA_project/config/init.rb": {
        "lines": [
          null,
          null,
          1
        ]
      },
      "/root/work/SOA_project/config/environment.rb": {
        "lines": [
          null,
          null,
          1,
          1,
          1,
          null,
          1,
          null,
          1,
          1,
          null,
          1,
          1,
          1,
          null,
          1,
          null,
          1,
          1,
          null,
          null,
          1,
          null,
          null,
          null,
          1,
          1,
          1,
          null,
          1,
          0,
          null,
          null,
          null,
          null
        ]
      },
      "/root/work/SOA_project/app/init.rb": {
        "lines": [
          null,
          null,
          1,
          1,
          4,
          null
        ]
      },
      "/root/work/SOA_project/app/application/init.rb": {
        "lines": [
          null,
          null,
          1,
          1,
          3,
          null
        ]
      },
      "/root/work/SOA_project/app/application/controllers/init.rb": {
        "lines": [
          null,
          null,
          1,
          3,
          null
        ]
      },
      "/root/work/SOA_project/app/application/controllers/app.rb": {
        "lines": [
          null,
          null,
          1,
          1,
          1,
          1,
          null,
          null,
          1,
          null,
          1,
          null,
          1,
          1,
          1,
          1,
          1,
          null,
          1,
          null,
          1,
          0,
          null,
          null,
          0,
          null,
          0,
          null,
          0,
          null,
          0,
          0,
          0,
          null,
          0,
          null,
          null,
          0,
          null,
          0,
          0,
          null,
          null,
          0,
          null,
          0,
          0,
          0,
          null,
          0,
          0,
          0,
          null,
          null,
          null,
          0,
          null,
          0,
          null,
          null,
          0,
          0,
          null,
          0,
          null,
          0,
          0,
          0,
          0,
          0,
          0,
          0,
          null,
          0,
          0,
          0,
          null,
          null,
          0,
          0,
          0,
          0,
          null,
          0,
          null,
          null,
          null,
          0,
          0,
          0,
          0,
          null,
          0,
          null,
          0,
          0,
          0,
          0,
          0,
          null,
          0,
          0,
          0,
          0,
          null,
          null,
          null,
          0,
          null,
          null,
          0,
          0,
          0,
          0,
          0,
          0,
          0,
          0,
          null,
          0,
          0,
          0,
          null,
          0,
          0,
          null,
          null,
          null,
          null,
          0,
          0,
          0,
          0,
          0,
          0,
          null,
          0,
          null,
          0,
          0,
          0,
          null,
          null,
          null,
          null,
          null,
          null,
          null
        ]
      },
      "/root/work/SOA_project/app/application/controllers/helpers.rb": {
        "lines": [
          null,
          null,
          1,
          1,
          null,
          1,
          1,
          0,
          0,
          0,
          0,
          null,
          null,
          1,
          null,
          1,
          0,
          null,
          null,
          1,
          0,
          null,
          null,
          null,
          null
        ]
      },
      "/root/work/SOA_project/app/application/restaurant_actions/init.rb": {
        "lines": [
          null,
          null,
          1,
          4,
          null
        ]
      },
      "/root/work/SOA_project/app/application/restaurant_actions/all_rest.rb": {
        "lines": [
          null,
          null,
          1,
          null,
          1,
          1,
          null,
          1,
          1,
          1,
          0,
          0,
          null,
          0,
          null,
          null,
          null,
          null
        ]
      },
      "/root/work/SOA_project/app/application/restaurant_actions/find_pick_rest.rb": {
        "lines": [
          null,
          null,
          1,
          null,
          1,
          1,
          null,
          1,
          1,
          1,
          0,
          0,
          null,
          0,
          null,
          null,
          null,
          null
        ]
      },
      "/root/work/SOA_project/app/application/restaurant_actions/select_rest.rb": {
        "lines": [
          null,
          null,
          1,
          null,
          1,
          1,
          null,
          1,
          1,
          1,
          0,
          null,
          0,
          null,
          0,
          null,
          null,
          null,
          null,
          1,
          1,
          1,
          0,
          0,
          0,
          0,
          null,
          0,
          null,
          null,
          null,
          null
        ]
      },
      "/root/work/SOA_project/app/application/restaurant_others/init.rb": {
        "lines": [
          null,
          null,
          1,
          3,
          null
        ]
      },
      "/root/work/SOA_project/app/application/restaurant_others/history.rb": {
        "lines": [
          null,
          null,
          1,
          null,
          1,
          1,
          null,
          1,
          1,
          1,
          0,
          0,
          null,
          0,
          null,
          0,
          null,
          null,
          null,
          null
        ]
      },
      "/root/work/SOA_project/app/application/restaurant_others/search_rest.rb": {
        "lines": [
          null,
          null,
          null,
          1,
          null,
          1,
          1,
          null,
          1,
          1,
          null,
          null,
          1,
          0,
          0,
          null,
          0,
          null,
          null,
          null,
          null
        ]
      },
      "/root/work/SOA_project/app/infrastructure/init.rb": {
        "lines": [
          null,
          null,
          1,
          1,
          2,
          null
        ]
      },
      "/root/work/SOA_project/app/infrastructure/database/init.rb": {
        "lines": [
          null,
          null,
          1,
          1,
          1,
          null
        ]
      },
      "/root/work/SOA_project/app/infrastructure/database/orms/init.rb": {
        "lines": [
          null,
          null,
          1,
          6,
          null
        ]
      },
      "/root/work/SOA_project/app/infrastructure/database/orms/article_orm.rb": {
        "lines": [
          null,
          null,
          1,
          null,
          1,
          1,
          null,
          1,
          1,
          null,
          null,
          1,
          null,
          1,
          0,
          null,
          null,
          null,
          null
        ]
      },
      "/root/work/SOA_project/app/infrastructure/database/orms/ewa_tag_orm.rb": {
        "lines": [
          null,
          null,
          1,
          null,
          1,
          1,
          null,
          1,
          1,
          null,
          null,
          1,
          null,
          1,
          0,
          null,
          null,
          null,
          null
        ]
      },
      "/root/work/SOA_project/app/infrastructure/database/orms/picture_orm.rb": {
        "lines": [
          null,
          null,
          1,
          null,
          1,
          null,
          1,
          null,
          1,
          1,
          null,
          null,
          1,
          null,
          null,
          1,
          0,
          null,
          null,
          null
        ]
      },
      "/root/work/SOA_project/app/infrastructure/database/orms/restaurant_orm.rb": {
        "lines": [
          null,
          null,
          1,
          null,
          1,
          1,
          null,
          1,
          1,
          null,
          null,
          1,
          null,
          null,
          1,
          null,
          null,
          1,
          null,
          null,
          null
        ]
      },
      "/root/work/SOA_project/app/infrastructure/database/orms/review_orm.rb": {
        "lines": [
          null,
          null,
          1,
          null,
          1,
          null,
          1,
          null,
          1,
          1,
          null,
          null,
          1,
          null,
          null,
          1,
          0,
          null,
          null,
          null
        ]
      },
      "/root/work/SOA_project/app/infrastructure/gateways/init.rb": {
        "lines": [
          null,
          null,
          1,
          3,
          null
        ]
      },
      "/root/work/SOA_project/app/infrastructure/gateways/gmap_api.rb": {
        "lines": [
          null,
          null,
          1,
          null,
          1,
          1,
          null,
          1,
          1,
          null,
          1,
          30,
          30,
          null,
          null,
          1,
          30,
          null,
          null,
          null,
          1,
          1,
          30,
          30,
          30,
          null,
          null,
          1,
          30,
          null,
          null,
          null,
          null,
          null,
          1,
          1,
          null,
          null,
          1,
          28,
          28,
          28,
          null,
          null,
          1,
          28,
          null,
          null,
          null,
          1,
          1,
          28,
          28,
          28,
          28,
          null,
          null,
          1,
          28,
          null,
          null,
          null,
          null,
          null,
          1,
          1,
          null,
          null,
          1,
          270,
          270,
          270,
          null,
          null,
          1,
          null,
          270,
          null,
          null,
          null,
          1,
          1,
          270,
          270,
          270,
          270,
          null,
          null,
          1,
          270,
          108,
          null,
          162,
          null,
          null,
          null,
          1,
          270,
          270,
          270,
          270,
          270,
          null,
          null,
          null,
          null,
          null,
          1,
          1,
          328,
          null,
          null,
          1,
          328,
          null,
          328,
          328,
          null,
          null,
          null,
          null,
          null,
          1,
          1,
          1,
          null,
          null,
          1,
          null,
          null,
          null,
          1,
          328,
          null,
          null,
          1,
          0,
          null,
          null,
          null,
          null
        ]
      },
      "/root/work/SOA_project/app/infrastructure/gateways/pix_api.rb": {
        "lines": [
          null,
          null,
          1,
          null,
          1,
          1,
          null,
          1,
          1,
          null,
          1,
          6,
          6,
          6,
          null,
          null,
          1,
          6,
          null,
          null,
          null,
          1,
          1,
          6,
          6,
          6,
          6,
          null,
          null,
          1,
          6,
          null,
          null,
          null,
          null,
          1,
          1,
          null,
          1,
          29,
          29,
          29,
          null,
          null,
          1,
          29,
          null,
          null,
          null,
          1,
          1,
          29,
          29,
          29,
          29,
          null,
          null,
          1,
          29,
          null,
          null,
          null,
          null,
          null,
          1,
          1,
          35,
          null,
          null,
          1,
          35,
          null,
          35,
          35,
          null,
          null,
          null,
          null,
          null,
          1,
          1,
          1,
          null,
          null,
          1,
          null,
          null,
          null,
          1,
          35,
          null,
          null,
          1,
          0,
          null,
          null,
          null,
          null
        ]
      },
      "/root/work/SOA_project/app/domain/init.rb": {
        "lines": [
          null,
          null,
          null,
          1,
          null,
          1,
          2,
          null
        ]
      },
      "/root/work/SOA_project/app/domain/restaurants/init.rb": {
        "lines": [
          null,
          null,
          1,
          null,
          3,
          null
        ]
      },
      "/root/work/SOA_project/app/domain/restaurants/entities/init.rb": {
        "lines": [
          null,
          null,
          1,
          1,
          null,
          1,
          5,
          null
        ]
      },
      "/root/work/SOA_project/app/domain/restaurants/entities/article.rb": {
        "lines": [
          null,
          null,
          1,
          1,
          null,
          1,
          null,
          1,
          null,
          1,
          1,
          1,
          1,
          1,
          null,
          1,
          0,
          null,
          null,
          null,
          null
        ]
      },
      "/root/work/SOA_project/app/domain/restaurants/entities/picture.rb": {
        "lines": [
          null,
          null,
          1,
          1,
          null,
          1,
          1,
          null,
          1,
          1,
          1,
          1,
          1,
          null,
          1,
          0,
          null,
          null,
          null,
          null
        ]
      },
      "/root/work/SOA_project/app/domain/restaurants/entities/restaurant.rb": {
        "lines": [
          null,
          null,
          1,
          1,
          1,
          1,
          1,
          1,
          null,
          1,
          1,
          null,
          1,
          1,
          null,
          1,
          1,
          1,
          1,
          1,
          1,
          1,
          1,
          1,
          1,
          1,
          1,
          1,
          1,
          null,
          1,
          1,
          1,
          1,
          1,
          1,
          null,
          1,
          0,
          null,
          null,
          null,
          null
        ]
      },
      "/root/work/SOA_project/app/domain/restaurants/entities/review.rb": {
        "lines": [
          null,
          null,
          1,
          1,
          null,
          1,
          1,
          null,
          1,
          1,
          1,
          1,
          1,
          1,
          1,
          1,
          null,
          1,
          0,
          null,
          null,
          null,
          null
        ]
      },
      "/root/work/SOA_project/app/domain/restaurant_options/entities/ewa_tag.rb": {
        "lines": [
          null,
          null,
          1,
          1,
          null,
          1,
          1,
          null,
          1,
          1,
          null,
          1,
          1,
          null,
          1,
          0,
          null,
          null,
          null,
          null
        ]
      },
      "/root/work/SOA_project/app/domain/restaurants/mappers/init.rb": {
        "lines": [
          null,
          null,
          1,
          5,
          null
        ]
      },
      "/root/work/SOA_project/app/domain/restaurants/mappers/article_mapper.rb": {
        "lines": [
          null,
          null,
          1,
          null,
          1,
          null,
          1,
          1,
          28,
          28,
          null,
          null,
          null,
          1,
          28,
          null,
          28,
          28,
          3,
          null,
          25,
          null,
          28,
          null,
          null,
          null,
          1,
          1,
          28,
          null,
          null,
          1,
          28,
          null,
          null,
          null,
          null,
          1,
          1,
          28,
          null,
          null,
          1,
          28,
          null,
          null,
          null,
          null,
          null,
          null,
          1,
          null,
          1,
          28,
          null,
          null,
          1,
          28,
          null,
          null,
          null,
          null,
          null
        ]
      },
      "/root/work/SOA_project/app/domain/restaurants/mappers/picture_mapper.rb": {
        "lines": [
          null,
          null,
          1,
          null,
          1,
          null,
          1,
          1,
          27,
          27,
          27,
          null,
          null,
          null,
          1,
          27,
          27,
          27,
          270,
          null,
          270,
          null,
          null,
          null,
          0,
          null,
          null,
          null,
          1,
          27,
          null,
          27,
          270,
          162,
          null,
          27,
          null,
          null,
          null,
          null,
          1,
          1,
          27,
          null,
          null,
          1,
          27,
          270,
          270,
          null,
          null,
          null,
          null,
          null,
          1,
          1,
          270,
          null,
          null,
          1,
          270,
          null,
          null,
          null,
          null,
          null,
          null,
          1,
          null,
          1,
          270,
          null,
          null,
          1,
          270,
          null,
          null,
          null,
          null,
          null
        ]
      },
      "/root/work/SOA_project/app/domain/restaurants/mappers/restaurant_mapper.rb": {
        "lines": [
          null,
          null,
          null,
          1,
          null,
          1,
          null,
          1,
          null,
          1,
          1,
          null,
          null,
          null,
          null,
          null,
          null,
          null,
          3,
          3,
          null,
          null,
          null,
          1,
          1,
          1,
          1,
          1,
          1,
          null,
          null,
          1,
          1,
          1,
          30,
          30,
          null,
          1,
          null,
          null,
          null,
          1,
          1,
          3,
          null,
          1,
          null,
          null,
          1,
          3,
          6,
          null,
          null,
          null,
          null,
          null,
          1,
          29,
          29,
          29,
          29,
          1,
          null,
          28,
          null,
          null,
          null,
          1,
          1,
          1,
          29,
          29,
          null,
          null,
          null,
          null,
          1,
          1,
          58,
          null,
          null,
          null,
          1,
          29,
          27,
          null,
          2,
          null,
          null,
          null,
          null,
          null,
          1,
          29,
          29,
          29,
          9,
          null,
          20,
          null,
          null,
          null,
          null,
          null,
          1,
          null,
          1,
          1,
          null,
          1,
          null,
          null,
          null,
          1,
          1,
          1,
          1,
          null,
          null,
          1,
          1,
          27,
          null,
          null,
          null,
          null,
          null,
          1,
          1,
          27,
          27,
          null,
          null,
          null,
          null,
          1,
          27,
          null,
          null,
          null,
          null,
          null,
          null,
          null,
          null,
          null,
          null,
          null,
          null,
          null,
          null,
          null,
          null,
          null,
          null,
          null,
          null,
          null,
          null,
          null,
          null,
          null,
          1,
          null,
          1,
          27,
          null,
          null,
          1,
          27,
          27,
          null,
          null,
          1,
          27,
          27,
          null,
          null,
          1,
          27,
          27,
          null,
          null,
          null,
          null,
          null,
          1,
          1,
          27,
          27,
          27,
          null,
          null,
          null,
          1,
          27,
          27,
          null,
          null,
          1,
          null,
          1,
          27,
          27,
          27,
          27,
          27,
          null,
          null,
          1,
          27,
          27,
          6,
          null,
          21,
          null,
          null,
          null,
          1,
          27,
          7,
          null,
          null,
          null,
          null,
          null,
          20,
          null,
          null,
          null,
          1,
          27,
          null,
          null,
          1,
          27,
          135,
          null,
          null,
          null,
          1,
          27,
          270,
          null,
          null,
          null,
          null,
          null,
          1,
          1,
          435,
          null,
          null,
          null,
          null,
          1,
          30,
          null,
          30,
          null,
          null,
          null,
          null,
          null,
          null,
          null,
          null,
          null,
          null,
          null,
          null,
          null,
          null,
          null,
          null,
          1,
          135,
          null,
          1080,
          null,
          null,
          null,
          null,
          null,
          1080,
          null,
          null,
          null,
          null,
          1,
          270,
          null,
          1080,
          null,
          1080,
          null,
          null,
          null,
          null,
          null
        ]
      },
      "/root/work/SOA_project/app/domain/restaurant_options/init.rb": {
        "lines": [
          null,
          null,
          1,
          1,
          4,
          null
        ]
      },
      "/root/work/SOA_project/app/domain/restaurant_options/values/init.rb": {
        "lines": [
          null,
          null,
          1,
          2,
          null
        ]
      },
      "/root/work/SOA_project/app/domain/restaurant_options/values/ewa_tag_calculator.rb": {
        "lines": [
          null,
          null,
          1,
          1,
          null,
          1,
          1,
          27,
          27,
          null,
          null,
          null,
          null,
          null,
          null,
          1,
          27,
          27,
          25,
          24,
          22,
          21,
          16,
          16,
          11,
          10,
          10,
          null,
          10,
          null,
          null,
          null,
          null,
          null
        ]
      },
      "/root/work/SOA_project/app/domain/restaurant_options/entities/init.rb": {
        "lines": [
          null,
          null,
          1,
          3,
          null
        ]
      },
      "/root/work/SOA_project/app/domain/restaurant_options/entities/restaurant_pick.rb": {
        "lines": [
          null,
          null,
          1,
          1,
          null,
          1,
          1,
          27,
          null,
          null,
          1,
          null,
          null,
          27,
          null,
          null,
          null,
          null,
          null,
          null,
          null
        ]
      },
      "/root/work/SOA_project/app/domain/restaurant_options/repositories/init.rb": {
        "lines": [
          null,
          null,
          1,
          2,
          null
        ]
      },
      "/root/work/SOA_project/app/domain/restaurant_options/repositories/ewa_tags.rb": {
        "lines": [
          null,
          null,
          1,
          1,
          null,
          1,
          1,
          0,
          null,
          null,
          1,
          0,
          null,
          null,
          1,
          0,
          null,
          0,
          null,
          null,
          null,
          null,
          null,
          null,
          1,
          0,
          0,
          0,
          null,
          null,
          null,
          null
        ]
      },
      "/root/work/SOA_project/app/domain/restaurant_options/mappers/init.rb": {
        "lines": [
          null,
          null,
          1,
          3,
          null
        ]
      },
      "/root/work/SOA_project/app/domain/restaurant_options/mappers/restaurant_options_mapper.rb": {
        "lines": [
          null,
          null,
          1,
          1,
          null,
          1,
          1,
          0,
          null,
          null,
          null,
          1,
          0,
          null,
          null,
          null,
          1,
          1,
          0,
          null,
          null,
          null,
          1,
          0,
          null,
          null,
          null,
          1,
          null,
          0,
          0,
          null,
          null,
          null,
          1,
          null,
          0,
          null,
          null,
          null,
          null,
          null
        ]
      },
      "/root/work/SOA_project/app/domain/restaurant_options/mappers/restaurant_pick_mapper.rb": {
        "lines": [
          null,
          null,
          1,
          1,
          null,
          1,
          1,
          27,
          null,
          null,
          1,
          27,
          null,
          null,
          null,
          1,
          1,
          27,
          null,
          null,
          1,
          27,
          null,
          null,
          null,
          null,
          null,
          null,
          null,
          null
        ]
      },
      "/root/work/SOA_project/app/domain/restaurants/mappers/review_mapper.rb": {
        "lines": [
          null,
          null,
          1,
          null,
          1,
          null,
          1,
          null,
          1,
          1,
          27,
          null,
          null,
          1,
          27,
          135,
          135,
          null,
          null,
          null,
          null,
          null,
          1,
          1,
          135,
          null,
          null,
          1,
          135,
          null,
          null,
          null,
          null,
          null,
          null,
          null,
          null,
          null,
          1,
          null,
          1,
          135,
          null,
          null,
          1,
          135,
          null,
          null,
          1,
          135,
          null,
          null,
          1,
          135,
          null,
          null,
          1,
          135,
          null,
          null,
          null,
          null,
          null
        ]
      },
      "/root/work/SOA_project/app/domain/restaurants/repositories/init.rb": {
        "lines": [
          null,
          null,
          1,
          1,
          1,
          1,
          1,
          1
        ]
      },
      "/root/work/SOA_project/app/domain/restaurants/repositories/restaurants.rb": {
        "lines": [
          null,
          null,
          1,
          null,
          1,
          1,
          null,
          1,
          1,
          0,
          null,
          null,
          1,
          0,
          null,
          null,
          1,
          null,
          0,
          0,
          0,
          null,
          null,
          null,
          1,
          0,
          0,
          null,
          null,
          1,
          0,
          0,
          null,
          null,
          1,
          0,
          0,
          null,
          null,
          1,
          0,
          0,
          null,
          null,
          1,
          0,
          null,
          0,
          0,
          null,
          0,
          null,
          null,
          1,
          0,
          null,
          0,
          0,
          null,
          0,
          null,
          null,
          1,
          0,
          null,
          0,
          0,
          null,
          0,
          null,
          null,
          1,
          0,
          null,
          0,
          0,
          null,
          0,
          null,
          null,
          1,
          0,
          0,
          null,
          0,
          0,
          null,
          null,
          null,
          1,
          0,
          null,
          0,
          null,
          0,
          0,
          null,
          0,
          null,
          null,
          null,
          null,
          null,
          null,
          null,
          null,
          null,
          null,
          null,
          null,
          null,
          1,
          1,
          0,
          0,
          null,
          null,
          1,
          null,
          0,
          0,
          0,
          0,
          null,
          null,
          1,
          0,
          null,
          null,
          0,
          0,
          0,
          null,
          null,
          1,
          null,
          0,
          null,
          null,
          0,
          null,
          null,
          0,
          null,
          null,
          0,
          null,
          null,
          1,
          null,
          0,
          0,
          null,
          null,
          0,
          null,
          null,
          0,
          null,
          null,
          1,
          0,
          0,
          0,
          null,
          null,
          null,
          1,
          0,
          0,
          null,
          null,
          1,
          0,
          0,
          0,
          null,
          null,
          null,
          1,
          0,
          0,
          null,
          null,
          null,
          null,
          null
        ]
      },
      "/root/work/SOA_project/app/domain/restaurants/repositories/reviews.rb": {
        "lines": [
          null,
          null,
          1,
          1,
          null,
          1,
          1,
          0,
          null,
          null,
          1,
          0,
          null,
          null,
          1,
          0,
          null,
          null,
          1,
          0,
          null,
          0,
          null,
          null,
          null,
          null,
          null,
          null,
          null,
          null,
          null,
          1,
          0,
          0,
          null,
          null,
          null,
          1,
          0,
          0,
          0,
          null,
          null,
          null,
          null
        ]
      },
      "/root/work/SOA_project/app/domain/restaurants/repositories/articles.rb": {
        "lines": [
          null,
          null,
          1,
          1,
          null,
          1,
          1,
          0,
          null,
          null,
          1,
          0,
          null,
          null,
          1,
          0,
          null,
          0,
          null,
          null,
          null,
          null,
          null,
          null,
          1,
          0,
          0,
          null,
          0,
          0,
          null,
          null,
          null,
          null
        ]
      },
      "/root/work/SOA_project/app/domain/restaurants/repositories/pictures.rb": {
        "lines": [
          null,
          null,
          1,
          null,
          1,
          1,
          null,
          1,
          1,
          0,
          null,
          null,
          1,
          0,
          null,
          null,
          1,
          0,
          null,
          null,
          1,
          0,
          null,
          null,
          1,
          0,
          null,
          0,
          null,
          null,
          null,
          null,
          null,
          null,
          1,
          0,
          0,
          null,
          null,
          null,
          1,
          0,
          0,
          0,
          null,
          null,
          null,
          null
        ]
      },
      "/root/work/SOA_project/app/domain/restaurants/repositories/for.rb": {
        "lines": [
          null,
          null,
          1,
          1,
          null,
          1,
          null,
          1,
          null,
          null,
          null,
          null,
          1,
          0,
          null,
          null,
          1,
          0,
          null,
          null,
          null,
          null
        ]
      },
      "/root/work/SOA_project/app/presentation/init.rb": {
        "lines": [
          null,
          null,
          1,
          1,
          1,
          null
        ]
      },
      "/root/work/SOA_project/app/presentation/view_objects/init.rb": {
        "lines": [
          null,
          null,
          1,
          4,
          null
        ]
      },
      "/root/work/SOA_project/app/presentation/view_objects/history.rb": {
        "lines": [
          null,
          null,
          1,
          null,
          1,
          1,
          0,
          null,
          null,
          1,
          0,
          null,
          null,
          1,
          0,
          null,
          null,
          1,
          0,
          null,
          null,
          null,
          null
        ]
      },
      "/root/work/SOA_project/app/presentation/view_objects/resdetail.rb": {
        "lines": [
          null,
          null,
          1,
          null,
          1,
          1,
          0,
          null,
          null,
          1,
          0,
          null,
          null,
          1,
          0,
          null,
          null,
          1,
          0,
          null,
          null,
          1,
          0,
          null,
          null,
          1,
          0,
          null,
          null,
          1,
          0,
          null,
          null,
          1,
          0,
          null,
          null,
          1,
          0,
          null,
          null,
          1,
          0,
          null,
          null,
          1,
          0,
          null,
          null,
          1,
          0,
          null,
          null,
          1,
          0,
          null,
          null,
          1,
          0,
          null,
          null,
          1,
          0,
          null,
          null,
          null,
          null
        ]
      },
      "/root/work/SOA_project/app/presentation/view_objects/restaurant.rb": {
        "lines": [
          null,
          null,
          1,
          null,
          1,
          1,
          0,
          null,
          null,
          1,
          0,
          null,
          null,
          1,
          0,
          null,
          null,
          1,
          0,
          null,
          null,
          null
        ]
      },
      "/root/work/SOA_project/spec/helpers/vcr_helper.rb": {
        "lines": [
          null,
          null,
          1,
          1,
          null,
          null,
          1,
          1,
          1,
          null,
          1,
          0,
          0,
          0,
          null,
          null,
          null,
          1,
          7,
          7,
          7,
          null,
          null,
          7,
          null,
          null,
          null,
          null,
          null,
          null,
          1,
          7,
          null,
          null
        ]
      }
    },
    "timestamp": 1606973201
  }
}
