{
  "RSpec": {
    "coverage": {
      "/root/work/app-ewa/init.rb": {
        "lines": [
          null,
          null,
          1,
          2,
          null
        ]
      },
      "/root/work/app-ewa/config/init.rb": {
        "lines": [
          null,
          null,
          1
        ]
      },
      "/root/work/app-ewa/config/environment.rb": {
        "lines": [
          null,
          null,
          1,
          1,
          1,
          null,
          1,
          null,
          1,
          1,
          null,
          1,
          1,
          1,
          null,
          1,
          null,
          null
        ]
      },
      "/root/work/app-ewa/app/init.rb": {
        "lines": [
          null,
          null,
          1,
          1,
          3,
          null
        ]
      },
      "/root/work/app-ewa/app/infrastructure/init.rb": {
        "lines": [
          null,
          null,
          1,
          2,
          null
        ]
      },
      "/root/work/app-ewa/app/infrastructure/ewa_api.rb": {
        "lines": [
          null,
          null,
          1,
          null,
          1,
          1,
          null,
          1,
          1,
          0,
          0,
          null,
          null,
          1,
          0,
          null,
          null,
          1,
          0,
          null,
          null,
          1,
          0,
          null,
          null,
          1,
          0,
          null,
          null,
          1,
          0,
          null,
          null,
          null,
          1,
          1,
          0,
          0,
          null,
          null,
          1,
          0,
          null,
          null,
          1,
          0,
          null,
          null,
          1,
          0,
          null,
          null,
          null,
          1,
          0,
          null,
          null,
          1,
          0,
          null,
          null,
          1,
          null,
          1,
          0,
          0,
          null,
          null,
          1,
          0,
          0,
          0,
          0,
          null,
          0,
          null,
          null,
          null,
          null,
          1,
          1,
          null,
          1,
          null,
          1,
          0,
          null,
          null,
          1,
          0,
          null,
          null,
          1,
          0,
          null,
          null,
          null,
          null,
          null
        ]
      },
      "/root/work/app-ewa/app/presentation/init.rb": {
        "lines": [
          null,
          null,
          1,
          1,
          2,
          null
        ]
      },
      "/root/work/app-ewa/app/presentation/representers/init.rb": {
        "lines": [
          null,
          null,
          1,
          13,
          null
        ]
      },
      "/root/work/app-ewa/app/presentation/representers/article_representer.rb": {
        "lines": [
          null,
          null,
          1,
          1,
          null,
          1,
          1,
          null,
          1,
          1,
          1,
          1,
          1,
          null,
          null,
          null
        ]
      },
      "/root/work/app-ewa/app/presentation/representers/cover_picture_representer.rb": {
        "lines": [
          null,
          null,
          1,
          1,
          null,
          1,
          1,
          null,
          1,
          1,
          null,
          1,
          1,
          1,
          null,
          null,
          null
        ]
      },
      "/root/work/app-ewa/app/presentation/representers/ewa_tag_representer.rb": {
        "lines": [
          null,
          null,
          1,
          1,
          null,
          1,
          1,
          null,
          1,
          1,
          1,
          1,
          null,
          null,
          null
        ]
      },
      "/root/work/app-ewa/app/presentation/representers/http_response_representer.rb": {
        "lines": [
          null,
          null,
          1,
          1,
          null,
          1,
          1,
          null,
          null,
          null,
          null,
          null,
          1,
          1,
          null,
          1,
          1,
          null,
          1,
          null,
          null,
          null,
          null,
          null,
          null,
          null,
          null,
          null,
          null,
          null,
          null,
          null,
          null,
          1,
          0,
          null,
          null,
          null,
          null
        ]
      },
      "/root/work/app-ewa/app/presentation/representers/openstruct_with_links.rb": {
        "lines": [
          null,
          null,
          1,
          1,
          null,
          1,
          1,
          null,
          null,
          null
        ]
      },
      "/root/work/app-ewa/app/presentation/representers/pick_restaurant_representer.rb": {
        "lines": [
          null,
          null,
          1,
          1,
          1,
          null,
          1,
          1,
          null,
          1,
          1,
          null,
          null,
          1,
          null,
          null,
          null
        ]
      },
      "/root/work/app-ewa/app/presentation/representers/restaurant_details_representer.rb": {
        "lines": [
          null,
          null,
          1,
          1,
          null,
          1,
          1,
          1,
          1,
          null,
          1,
          1,
          null,
          1,
          1,
          null,
          null,
          1,
          1,
          1,
          1,
          1,
          1,
          1,
          1,
          1,
          1,
          1,
          1,
          1,
          1,
          null,
          null,
          1,
          1,
          1,
          null,
          1,
          1,
          null,
          null,
          null
        ]
      },
      "/root/work/app-ewa/app/presentation/representers/picture_representer.rb": {
        "lines": [
          null,
          null,
          1,
          1,
          null,
          1,
          1,
          null,
          1,
          1,
          null,
          1,
          1,
          null,
          null,
          null
        ]
      },
      "/root/work/app-ewa/app/presentation/representers/review_representer.rb": {
        "lines": [
          null,
          null,
          1,
          1,
          null,
          1,
          1,
          null,
          1,
          1,
          null,
          1,
          1,
          1,
          1,
          1,
          1,
          null,
          null,
          null
        ]
      },
      "/root/work/app-ewa/app/presentation/representers/restaurant_id_name_pic_representer.rb": {
        "lines": [
          null,
          null,
          1,
          1,
          1,
          null,
          1,
          1,
          null,
          1,
          1,
          1,
          1,
          null,
          1,
          1,
          1,
          null,
          1,
          0,
          null,
          null,
          1,
          0,
          null,
          null,
          1,
          0,
          null,
          null,
          1,
          0,
          null,
          null,
          null,
          null
        ]
      },
      "/root/work/app-ewa/app/presentation/representers/restaurants_representer.rb": {
        "lines": [
          null,
          null,
          1,
          1,
          1,
          null,
          1,
          1,
          null,
          1,
          1,
          null,
          null,
          1,
          1,
          null,
          null,
          null
        ]
      },
      "/root/work/app-ewa/app/presentation/representers/searched_restaurant_representer.rb": {
        "lines": [
          null,
          null,
          1,
          1,
          1,
          null,
          1,
          1,
          null,
          1,
          1,
          null,
          null,
          1,
          null,
          null,
          null
        ]
      },
      "/root/work/app-ewa/app/presentation/view_objects/init.rb": {
        "lines": [
          null,
          null,
          1,
          4,
          null
        ]
      },
      "/root/work/app-ewa/app/presentation/view_objects/history.rb": {
        "lines": [
          null,
          null,
          1,
          null,
          1,
          1,
          0,
          null,
          null,
          1,
          0,
          null,
          null,
          1,
          0,
          null,
          null,
          null,
          null
        ]
      },
      "/root/work/app-ewa/app/presentation/view_objects/resdetail.rb": {
        "lines": [
          null,
          null,
          1,
          null,
          1,
          1,
          0,
          null,
          null,
          1,
          0,
          null,
          null,
          1,
          0,
          null,
          null,
          1,
          0,
          null,
          null,
          1,
          0,
          null,
          null,
          1,
          0,
          null,
          null,
          1,
          0,
          null,
          null,
          1,
          0,
          null,
          null,
          1,
          0,
          null,
          null,
          1,
          0,
          null,
          null,
          1,
          0,
          null,
          null,
          1,
          0,
          null,
          null,
          1,
          0,
          0,
          0,
          0,
          null,
          0,
          null,
          null,
          1,
          0,
          null,
          null,
          1,
          0,
          null,
          null,
          1,
          0,
          null,
          null,
          1,
          0,
          null,
          null,
          1,
          0,
          null,
          null,
          1,
          0,
          null,
          null,
          1,
          0,
          null,
          null,
          null
        ]
      },
      "/root/work/app-ewa/app/presentation/view_objects/restaurant.rb": {
        "lines": [
          null,
          null,
          1,
          null,
          1,
          1,
          0,
          null,
          null,
          1,
          0,
          null,
          null,
          1,
          0,
          null,
          null,
          1,
          0,
          null,
          null,
          null
        ]
      },
      "/root/work/app-ewa/app/application/init.rb": {
        "lines": [
          null,
          null,
          1,
          1,
          2,
          null
        ]
      },
      "/root/work/app-ewa/app/application/controllers/init.rb": {
        "lines": [
          null,
          null,
          1,
          2,
          null
        ]
      },
      "/root/work/app-ewa/app/application/controllers/app.rb": {
        "lines": [
          null,
          null,
          1,
          1,
          1,
          1,
          null,
          1,
          null,
          1,
          null,
          1,
          1,
          1,
          1,
          1,
          1,
          null,
          1,
          null,
          1,
          0,
          null,
          null,
          0,
          null,
          0,
          0,
          null,
          0,
          0,
          0,
          0,
          null,
          0,
          0,
          null,
          null,
          0,
          0,
          0,
          null,
          null,
          0,
          0,
          0,
          0,
          0,
          null,
          0,
          0,
          null,
          null,
          0,
          null,
          0,
          0,
          null,
          null,
          0,
          0,
          null,
          0,
          null,
          0,
          0,
          0,
          0,
          0,
          null,
          0,
          0,
          0,
          0,
          null,
          0,
          0,
          0,
          null,
          null,
          0,
          null,
          0,
          0,
          0,
          null,
          0,
          null,
          0,
          0,
          0,
          0,
          null,
          0,
          0,
          null,
          null,
          null,
          0,
          null,
          null,
          0,
          0,
          0,
          0,
          0,
          null,
          null,
          0,
          0,
          0,
          null,
          0,
          0,
          0,
          null,
          0,
          0,
          null,
          null,
          null,
          null,
          0,
          0,
          0,
          null,
          0,
          null,
          0,
          0,
          0,
          0,
          0,
          null,
          0,
          null,
          0,
          null,
          0,
          0,
          0,
          null,
          null,
          0,
          0,
          null,
          0,
          0,
          0,
          null,
          null,
          null,
          null,
          null,
          null,
          null
        ]
      },
      "/root/work/app-ewa/app/application/services/init.rb": {
        "lines": [
          null,
          null,
          1,
          5,
          null
        ]
      },
      "/root/work/app-ewa/app/application/services/find_pick_rest.rb": {
        "lines": [
          null,
          null,
          null,
          1,
          1,
          null,
          1,
          1,
          null,
          1,
          1,
          null,
          1,
          1,
          null,
          1,
          null,
          1,
          0,
          0,
          0,
          null,
          null,
          0,
          0,
          0,
          null,
          0,
          0,
          null,
          0,
          null,
          null,
          0,
          null,
          0,
          null,
          null,
          1,
          0,
          null,
          0,
          null,
          0,
          null,
          null,
          null,
          null
        ]
      },
      "/root/work/app-ewa/app/application/services/search_rest_name.rb": {
        "lines": [
          null,
          null,
          null,
          1,
          null,
          1,
          1,
          null,
          1,
          1,
          null,
          1,
          1,
          null,
          1,
          null,
          1,
          0,
          null,
          null,
          0,
          0,
          null,
          0,
          null,
          null,
          0,
          null,
          null,
          1,
          null,
          0,
          null,
          0,
          null,
          0,
          null,
          null,
          null,
          null
        ]
      },
      "/root/work/app-ewa/app/application/services/select_rest.rb": {
        "lines": [
          null,
          null,
          1,
          null,
          null,
          1,
          1,
          null,
          1,
          null,
          1,
          null,
          1,
          1,
          null,
          1,
          null,
          1,
          0,
          0,
          null,
          0,
          null,
          0,
          null,
          null,
          1,
          0,
          null,
          0,
          null,
          0,
          null,
          null,
          null,
          null
        ]
      },
      "/root/work/app-ewa/app/application/services/show_all_rests.rb": {
        "lines": [
          null,
          null,
          1,
          null,
          null,
          1,
          1,
          null,
          1,
          1,
          null,
          1,
          1,
          null,
          1,
          null,
          1,
          0,
          0,
          null,
          0,
          null,
          null,
          null,
          1,
          0,
          null,
          0,
          null,
          null,
          0,
          null,
          null,
          null,
          null
        ]
      },
      "/root/work/app-ewa/spec/tests_acceptance/pages/recommend_rests_page.rb": {
        "lines": [
          null,
          null,
          null,
          1,
          1,
          null,
          null,
          1,
          null,
          1,
          1,
          null,
          null,
          1,
          1,
          1,
          1,
          1,
          null,
          null,
          1,
          9,
          null,
          null,
          1,
          2,
          84,
          2,
          null,
          null,
          null,
          2,
          2,
          2,
          null,
          null,
          null
        ]
      }
    },
    "timestamp": 1610281316
  }
}
